[debug] [2024-04-09T11:31:21.659Z] ----------------------------------------------------------------------
[debug] [2024-04-09T11:31:21.666Z] Command:       /Users/lilian/.nvm/versions/node/v20.11.0/bin/node /usr/local/bin/firebase deploy --only functions
[debug] [2024-04-09T11:31:21.666Z] CLI Version:   13.0.1
[debug] [2024-04-09T11:31:21.666Z] Platform:      darwin
[debug] [2024-04-09T11:31:21.667Z] Node Version:  v20.11.0
[debug] [2024-04-09T11:31:21.667Z] Time:          Tue Apr 09 2024 07:31:21 GMT-0400 (Eastern Daylight Time)
[debug] [2024-04-09T11:31:21.667Z] ----------------------------------------------------------------------
[debug] 
[debug] [2024-04-09T11:31:21.724Z] > command requires scopes: ["email","openid","https://www.googleapis.com/auth/cloudplatformprojects.readonly","https://www.googleapis.com/auth/firebase","https://www.googleapis.com/auth/cloud-platform"]
[debug] [2024-04-09T11:31:21.725Z] > authorizing via signed-in user (lilibest30.lb@gmail.com)
[debug] [2024-04-09T11:31:21.725Z] [iam] checking project cvs-online for permissions ["cloudfunctions.functions.create","cloudfunctions.functions.delete","cloudfunctions.functions.get","cloudfunctions.functions.list","cloudfunctions.functions.update","cloudfunctions.operations.get","firebase.projects.get"]
[debug] [2024-04-09T11:31:21.726Z] >>> [apiv2][query] POST https://cloudresourcemanager.googleapis.com/v1/projects/cvs-online:testIamPermissions [none]
[debug] [2024-04-09T11:31:21.726Z] >>> [apiv2][(partial)header] POST https://cloudresourcemanager.googleapis.com/v1/projects/cvs-online:testIamPermissions x-goog-quota-user=projects/cvs-online
[debug] [2024-04-09T11:31:21.726Z] >>> [apiv2][body] POST https://cloudresourcemanager.googleapis.com/v1/projects/cvs-online:testIamPermissions {"permissions":["cloudfunctions.functions.create","cloudfunctions.functions.delete","cloudfunctions.functions.get","cloudfunctions.functions.list","cloudfunctions.functions.update","cloudfunctions.operations.get","firebase.projects.get"]}
[debug] [2024-04-09T11:31:23.507Z] <<< [apiv2][status] POST https://cloudresourcemanager.googleapis.com/v1/projects/cvs-online:testIamPermissions 200
[debug] [2024-04-09T11:31:23.508Z] <<< [apiv2][body] POST https://cloudresourcemanager.googleapis.com/v1/projects/cvs-online:testIamPermissions {"permissions":["cloudfunctions.functions.create","cloudfunctions.functions.delete","cloudfunctions.functions.get","cloudfunctions.functions.list","cloudfunctions.functions.update","cloudfunctions.operations.get","firebase.projects.get"]}
[debug] [2024-04-09T11:31:23.509Z] >>> [apiv2][query] POST https://iam.googleapis.com/v1/projects/cvs-online/serviceAccounts/cvs-online@appspot.gserviceaccount.com:testIamPermissions [none]
[debug] [2024-04-09T11:31:23.509Z] >>> [apiv2][body] POST https://iam.googleapis.com/v1/projects/cvs-online/serviceAccounts/cvs-online@appspot.gserviceaccount.com:testIamPermissions {"permissions":["iam.serviceAccounts.actAs"]}
[debug] [2024-04-09T11:31:24.801Z] <<< [apiv2][status] POST https://iam.googleapis.com/v1/projects/cvs-online/serviceAccounts/cvs-online@appspot.gserviceaccount.com:testIamPermissions 200
[debug] [2024-04-09T11:31:24.802Z] <<< [apiv2][body] POST https://iam.googleapis.com/v1/projects/cvs-online/serviceAccounts/cvs-online@appspot.gserviceaccount.com:testIamPermissions {"permissions":["iam.serviceAccounts.actAs"]}
[info] 
[info] === Deploying to 'cvs-online'...
[info] 
[info] i  deploying functions 
[debug] [2024-04-09T11:31:24.806Z] >>> [apiv2][query] GET https://firebase.googleapis.com/v1beta1/projects/cvs-online [none]
[debug] [2024-04-09T11:31:25.622Z] <<< [apiv2][status] GET https://firebase.googleapis.com/v1beta1/projects/cvs-online 200
[debug] [2024-04-09T11:31:25.622Z] <<< [apiv2][body] GET https://firebase.googleapis.com/v1beta1/projects/cvs-online {"projectId":"cvs-online","projectNumber":"670629794189","displayName":"CVS Online","name":"projects/cvs-online","resources":{"hostingSite":"cvs-online","realtimeDatabaseInstance":"cvs-online-default-rtdb","storageBucket":"cvs-online.appspot.com","locationId":"europe-west"},"state":"ACTIVE","etag":"1_dafe87c0-1f3c-4c37-8b3c-c1d6e7a2c104"}
[info] i  functions: preparing codebase default for deployment 
[info] i  functions: ensuring required API cloudfunctions.googleapis.com is enabled... 
[info] i  functions: ensuring required API cloudbuild.googleapis.com is enabled... 
[info] i  artifactregistry: ensuring required API artifactregistry.googleapis.com is enabled... 
[debug] [2024-04-09T11:31:25.625Z] >>> [apiv2][query] GET https://serviceusage.googleapis.com/v1/projects/cvs-online/services/cloudfunctions.googleapis.com [none]
[debug] [2024-04-09T11:31:25.625Z] >>> [apiv2][(partial)header] GET https://serviceusage.googleapis.com/v1/projects/cvs-online/services/cloudfunctions.googleapis.com x-goog-quota-user=projects/cvs-online
[debug] [2024-04-09T11:31:25.627Z] >>> [apiv2][query] GET https://serviceusage.googleapis.com/v1/projects/cvs-online/services/runtimeconfig.googleapis.com [none]
[debug] [2024-04-09T11:31:25.627Z] >>> [apiv2][(partial)header] GET https://serviceusage.googleapis.com/v1/projects/cvs-online/services/runtimeconfig.googleapis.com x-goog-quota-user=projects/cvs-online
[debug] [2024-04-09T11:31:25.628Z] >>> [apiv2][query] GET https://serviceusage.googleapis.com/v1/projects/cvs-online/services/cloudbuild.googleapis.com [none]
[debug] [2024-04-09T11:31:25.628Z] >>> [apiv2][(partial)header] GET https://serviceusage.googleapis.com/v1/projects/cvs-online/services/cloudbuild.googleapis.com x-goog-quota-user=projects/cvs-online
[debug] [2024-04-09T11:31:25.630Z] >>> [apiv2][query] GET https://serviceusage.googleapis.com/v1/projects/cvs-online/services/artifactregistry.googleapis.com [none]
[debug] [2024-04-09T11:31:25.630Z] >>> [apiv2][(partial)header] GET https://serviceusage.googleapis.com/v1/projects/cvs-online/services/artifactregistry.googleapis.com x-goog-quota-user=projects/cvs-online
[debug] [2024-04-09T11:31:26.756Z] <<< [apiv2][status] GET https://serviceusage.googleapis.com/v1/projects/cvs-online/services/runtimeconfig.googleapis.com 200
[debug] [2024-04-09T11:31:26.756Z] <<< [apiv2][body] GET https://serviceusage.googleapis.com/v1/projects/cvs-online/services/runtimeconfig.googleapis.com [omitted]
[debug] [2024-04-09T11:31:27.079Z] <<< [apiv2][status] GET https://serviceusage.googleapis.com/v1/projects/cvs-online/services/cloudfunctions.googleapis.com 200
[debug] [2024-04-09T11:31:27.079Z] <<< [apiv2][body] GET https://serviceusage.googleapis.com/v1/projects/cvs-online/services/cloudfunctions.googleapis.com [omitted]
[info] ✔  functions: required API cloudfunctions.googleapis.com is enabled 
[debug] [2024-04-09T11:31:27.114Z] <<< [apiv2][status] GET https://serviceusage.googleapis.com/v1/projects/cvs-online/services/cloudbuild.googleapis.com 200
[debug] [2024-04-09T11:31:27.115Z] <<< [apiv2][body] GET https://serviceusage.googleapis.com/v1/projects/cvs-online/services/cloudbuild.googleapis.com [omitted]
[info] ✔  functions: required API cloudbuild.googleapis.com is enabled 
[debug] [2024-04-09T11:31:27.125Z] <<< [apiv2][status] GET https://serviceusage.googleapis.com/v1/projects/cvs-online/services/artifactregistry.googleapis.com 200
[debug] [2024-04-09T11:31:27.125Z] <<< [apiv2][body] GET https://serviceusage.googleapis.com/v1/projects/cvs-online/services/artifactregistry.googleapis.com [omitted]
[info] ✔  artifactregistry: required API artifactregistry.googleapis.com is enabled 
[debug] [2024-04-09T11:31:27.126Z] >>> [apiv2][query] GET https://firebase.googleapis.com/v1beta1/projects/cvs-online/adminSdkConfig [none]
[debug] [2024-04-09T11:31:27.857Z] <<< [apiv2][status] GET https://firebase.googleapis.com/v1beta1/projects/cvs-online/adminSdkConfig 200
[debug] [2024-04-09T11:31:27.858Z] <<< [apiv2][body] GET https://firebase.googleapis.com/v1beta1/projects/cvs-online/adminSdkConfig {"projectId":"cvs-online","databaseURL":"https://cvs-online-default-rtdb.europe-west1.firebasedatabase.app","storageBucket":"cvs-online.appspot.com","locationId":"europe-west"}
[debug] [2024-04-09T11:31:27.858Z] >>> [apiv2][query] GET https://runtimeconfig.googleapis.com/v1beta1/projects/cvs-online/configs [none]
[debug] [2024-04-09T11:31:28.568Z] <<< [apiv2][status] GET https://runtimeconfig.googleapis.com/v1beta1/projects/cvs-online/configs 200
[debug] [2024-04-09T11:31:28.569Z] <<< [apiv2][body] GET https://runtimeconfig.googleapis.com/v1beta1/projects/cvs-online/configs {}
[debug] [2024-04-09T11:31:28.572Z] Validating nodejs source
[debug] [2024-04-09T11:31:30.362Z] > [functions] package.json contents: {
  "name": "functions",
  "description": "Cloud Functions for Firebase",
  "scripts": {
    "serve": "firebase emulators:start --only functions",
    "shell": "firebase functions:shell",
    "start": "npm run shell",
    "deploy": "firebase deploy --only functions",
    "logs": "firebase functions:log"
  },
  "engines": {
    "node": "18"
  },
  "main": "index.js",
  "dependencies": {
    "firebase-admin": "^11.8.0",
    "firebase-functions": "^4.3.1"
  },
  "devDependencies": {
    "firebase-functions-test": "^3.1.0"
  },
  "private": true
}
[debug] [2024-04-09T11:31:30.362Z] Building nodejs source
[info] i  functions: Loading and analyzing source code for codebase default to determine what to deploy 
[debug] [2024-04-09T11:31:30.364Z] Could not find functions.yaml. Must use http discovery
[debug] [2024-04-09T11:31:30.371Z] Found firebase-functions binary at '/Users/lilian/Desktop/Projects/tailwind-admin/functions/node_modules/.bin/firebase-functions'
[info] Serving at port 8329

[debug] [2024-04-09T11:31:31.491Z] Got response from /__/functions.yaml {"endpoints":{"deleteUserAccount":{"platform":"gcfv1","labels":{},"availableMemoryMb":null,"timeoutSeconds":null,"minInstances":null,"maxInstances":null,"ingressSettings":null,"serviceAccountEmail":null,"vpc":null,"callableTrigger":{},"entryPoint":"deleteUserAccount"}},"specVersion":"v1alpha1","requiredAPIs":[]}
[info] i  functions: preparing functions directory for uploading... 
[info] i  functions: packaged /Users/lilian/Desktop/Projects/tailwind-admin/functions (67.38 KB) for uploading 
[debug] [2024-04-09T11:31:36.540Z] >>> [apiv2][query] GET https://cloudfunctions.googleapis.com/v1/projects/cvs-online/locations/-/functions [none]
[debug] [2024-04-09T11:31:37.626Z] <<< [apiv2][status] GET https://cloudfunctions.googleapis.com/v1/projects/cvs-online/locations/-/functions 200
[debug] [2024-04-09T11:31:37.627Z] <<< [apiv2][body] GET https://cloudfunctions.googleapis.com/v1/projects/cvs-online/locations/-/functions {"functions":[{"name":"projects/cvs-online/locations/us-central1/functions/deleteUserAccount","httpsTrigger":{"url":"https://us-central1-cvs-online.cloudfunctions.net/deleteUserAccount","securityLevel":"SECURE_ALWAYS"},"status":"ACTIVE","entryPoint":"deleteUserAccount","timeout":"60s","availableMemoryMb":256,"serviceAccountEmail":"cvs-online@appspot.gserviceaccount.com","updateTime":"2024-02-14T21:34:25.251Z","versionId":"4","labels":{"deployment-tool":"cli-firebase","deployment-callable":"true","firebase-functions-hash":"d0bf4986d12d9e73642df3d02dfe3b9b12844b75"},"sourceUploadUrl":"https://storage.googleapis.com/uploads-181451900691.us-central1.cloudfunctions.appspot.com/1ac66915-558c-434c-8d6b-21b36a16b7d2.zip","environmentVariables":{"FIREBASE_CONFIG":"{\"projectId\":\"cvs-online\",\"databaseURL\":\"https://cvs-online-default-rtdb.europe-west1.firebasedatabase.app\",\"storageBucket\":\"cvs-online.appspot.com\",\"locationId\":\"europe-west\"}","GCLOUD_PROJECT":"cvs-online","EVENTARC_CLOUD_EVENT_SOURCE":"projects/cvs-online/locations/us-central1/functions/deleteUserAccount"},"runtime":"nodejs18","ingressSettings":"ALLOW_ALL","buildId":"99b02455-3371-4a31-96ed-57db63d09b2c","buildEnvironmentVariables":{"GOOGLE_NODE_RUN_SCRIPTS":""},"buildName":"projects/670629794189/locations/us-central1/builds/99b02455-3371-4a31-96ed-57db63d09b2c","dockerRegistry":"ARTIFACT_REGISTRY","automaticUpdatePolicy":{}},{"name":"projects/cvs-online/locations/us-central1/functions/scheduledFunction","eventTrigger":{"eventType":"google.pubsub.topic.publish","resource":"projects/cvs-online/topics/firebase-schedule-scheduledFunction-us-central1","service":"pubsub.googleapis.com","failurePolicy":{}},"status":"ACTIVE","entryPoint":"scheduledFunction","timeout":"60s","availableMemoryMb":256,"serviceAccountEmail":"cvs-online@appspot.gserviceaccount.com","updateTime":"2024-02-14T21:35:32.193Z","versionId":"3","labels":{"deployment-tool":"cli-firebase","deployment-scheduled":"true","firebase-functions-hash":"d0bf4986d12d9e73642df3d02dfe3b9b12844b75"},"sourceUploadUrl":"https://storage.googleapis.com/uploads-181451900691.us-central1.cloudfunctions.appspot.com/1ac66915-558c-434c-8d6b-21b36a16b7d2.zip","environmentVariables":{"FIREBASE_CONFIG":"{\"projectId\":\"cvs-online\",\"databaseURL\":\"https://cvs-online-default-rtdb.europe-west1.firebasedatabase.app\",\"storageBucket\":\"cvs-online.appspot.com\",\"locationId\":\"europe-west\"}","GCLOUD_PROJECT":"cvs-online","EVENTARC_CLOUD_EVENT_SOURCE":"projects/cvs-online/locations/us-central1/functions/scheduledFunction"},"runtime":"nodejs18","maxInstances":3000,"ingressSettings":"ALLOW_ALL","buildId":"99b02455-3371-4a31-96ed-57db63d09b2c","buildEnvironmentVariables":{"GOOGLE_NODE_RUN_SCRIPTS":""},"buildName":"projects/670629794189/locations/us-central1/builds/99b02455-3371-4a31-96ed-57db63d09b2c","dockerRegistry":"ARTIFACT_REGISTRY","automaticUpdatePolicy":{}}]}
[debug] [2024-04-09T11:31:37.629Z] >>> [apiv2][query] GET https://cloudfunctions.googleapis.com/v2/projects/cvs-online/locations/-/functions filter=environment%3D%22GEN_2%22
[debug] [2024-04-09T11:31:38.802Z] <<< [apiv2][status] GET https://cloudfunctions.googleapis.com/v2/projects/cvs-online/locations/-/functions 200
[debug] [2024-04-09T11:31:38.802Z] <<< [apiv2][body] GET https://cloudfunctions.googleapis.com/v2/projects/cvs-online/locations/-/functions {}
[debug] [2024-04-09T11:31:38.808Z] >>> [apiv2][query] GET https://firebase.googleapis.com/v1beta1/projects/cvs-online [none]
[debug] [2024-04-09T11:31:39.398Z] <<< [apiv2][status] GET https://firebase.googleapis.com/v1beta1/projects/cvs-online 200
[debug] [2024-04-09T11:31:39.398Z] <<< [apiv2][body] GET https://firebase.googleapis.com/v1beta1/projects/cvs-online {"projectId":"cvs-online","projectNumber":"670629794189","displayName":"CVS Online","name":"projects/cvs-online","resources":{"hostingSite":"cvs-online","realtimeDatabaseInstance":"cvs-online-default-rtdb","storageBucket":"cvs-online.appspot.com","locationId":"europe-west"},"state":"ACTIVE","etag":"1_dafe87c0-1f3c-4c37-8b3c-c1d6e7a2c104"}
[debug] [2024-04-09T11:31:39.401Z] >>> [apiv2][query] POST https://cloudfunctions.googleapis.com/v1/projects/cvs-online/locations/us-central1/functions:generateUploadUrl [none]
[debug] [2024-04-09T11:31:39.401Z] >>> [apiv2][body] POST https://cloudfunctions.googleapis.com/v1/projects/cvs-online/locations/us-central1/functions:generateUploadUrl {}
[debug] [2024-04-09T11:31:40.249Z] <<< [apiv2][status] POST https://cloudfunctions.googleapis.com/v1/projects/cvs-online/locations/us-central1/functions:generateUploadUrl 200
[debug] [2024-04-09T11:31:40.249Z] <<< [apiv2][body] POST https://cloudfunctions.googleapis.com/v1/projects/cvs-online/locations/us-central1/functions:generateUploadUrl {"uploadUrl":"https://storage.googleapis.com/uploads-181451900691.us-central1.cloudfunctions.appspot.com/b19a7df2-71e9-476c-961b-145fd3e88637.zip?GoogleAccessId=service-670629794189@gcf-admin-robot.iam.gserviceaccount.com&Expires=1712664132&Signature=l4DoMra2hi4fuhfWIEeEyjXNq8VnTOMtsE%2F7EWluOq51hnzpoqyp9CJ8GPEWAvDs%2Bac6t%2B5rnlX5jHRrxuR0f49StWil7HCzw2WdbQx%2FGTr13tPqG%2Fhhm%2BDHcQgU6CaKe%2BAJtyrkWKr%2FZYvtrxOV1BSOURQCamOwGMKFwkhG%2FxAmgoZ2DC9F7okpHkS93GLrhcLQPW3OOG0LV1xklRVFYGuKw3yJTcbW26Dyj%2FtqxYkoM2ga%2FJARtt%2F0VzDaobiWTSdwL63kMaq760bGI8OY%2FRDUc%2Bas0BtjW5%2F3gc%2BHOz%2F%2BOqXsN3hYfYjHBDo2eTUGmVpLLCBGvnh%2B60EyLHmR7g%3D%3D"}
[debug] [2024-04-09T11:31:40.251Z] >>> [apiv2][query] PUT https://storage.googleapis.com/uploads-181451900691.us-central1.cloudfunctions.appspot.com/b19a7df2-71e9-476c-961b-145fd3e88637.zip GoogleAccessId=service-670629794189%40gcf-admin-robot.iam.gserviceaccount.com&Expires=1712664132&Signature=l4DoMra2hi4fuhfWIEeEyjXNq8VnTOMtsE%2F7EWluOq51hnzpoqyp9CJ8GPEWAvDs%2Bac6t%2B5rnlX5jHRrxuR0f49StWil7HCzw2WdbQx%2FGTr13tPqG%2Fhhm%2BDHcQgU6CaKe%2BAJtyrkWKr%2FZYvtrxOV1BSOURQCamOwGMKFwkhG%2FxAmgoZ2DC9F7okpHkS93GLrhcLQPW3OOG0LV1xklRVFYGuKw3yJTcbW26Dyj%2FtqxYkoM2ga%2FJARtt%2F0VzDaobiWTSdwL63kMaq760bGI8OY%2FRDUc%2Bas0BtjW5%2F3gc%2BHOz%2F%2BOqXsN3hYfYjHBDo2eTUGmVpLLCBGvnh%2B60EyLHmR7g%3D%3D
[debug] [2024-04-09T11:31:40.251Z] >>> [apiv2][body] PUT https://storage.googleapis.com/uploads-181451900691.us-central1.cloudfunctions.appspot.com/b19a7df2-71e9-476c-961b-145fd3e88637.zip [stream]
[debug] [2024-04-09T11:31:41.427Z] <<< [apiv2][status] PUT https://storage.googleapis.com/uploads-181451900691.us-central1.cloudfunctions.appspot.com/b19a7df2-71e9-476c-961b-145fd3e88637.zip 200
[debug] [2024-04-09T11:31:41.428Z] <<< [apiv2][body] PUT https://storage.googleapis.com/uploads-181451900691.us-central1.cloudfunctions.appspot.com/b19a7df2-71e9-476c-961b-145fd3e88637.zip [omitted]
[info] ✔  functions: functions folder uploaded successfully 
[info] 
The following functions are found in your project but do not exist in your local source code:
	scheduledFunction(us-central1)

If you are renaming a function or changing its region, it is recommended that you create the new function first before deleting the old one to prevent event loss. For more info, visit https://firebase.google.com/docs/functions/manage-functions#modify

